<?xml version="1.0" encoding="UTF-8"?>
<testsuites>
  <testsuite name="" tests="1" assertions="1" errors="0" warnings="0" failures="0" skipped="0" time="0.006685">
    <testsuite name="Main testsuite" tests="1" assertions="1" errors="0" warnings="0" failures="0" skipped="0" time="0.006685">
      <testsuite name="App\Tests\DataSerie\DataSerieTest" file="/var/www/qa-tracker/tests/DataSerie/DataSerieTest.php" tests="1" assertions="1" errors="0" warnings="0" failures="0" skipped="0" time="0.006685">
        <testcase name="testGetSlug" class="App\Tests\DataSerie\DataSerieTest" classname="App.Tests.DataSerie.DataSerieTest" file="/var/www/qa-tracker/tests/DataSerie/DataSerieTest.php" line="16" assertions="1" time="0.006685"/>
      </testsuite>
    </testsuite>
  </testsuite>
</testsuites>
