<?xml version="1.0" encoding="UTF-8"?>
<testsuites>
  <testsuite name="" tests="32" assertions="55" errors="0" warnings="0" failures="0" skipped="0" time="0.372417">
    <testsuite name="default" tests="32" assertions="55" errors="0" warnings="0" failures="0" skipped="0" time="0.372417">
      <testsuite name="Alxvng\QATracker\Tests\Chart\ChartGeneratorTest" file="/var/www/qa-tracker/tests/Chart/ChartGeneratorTest.php" tests="1" assertions="1" errors="0" warnings="0" failures="0" skipped="0" time="0.013567">
        <testcase name="testGenerate" class="Alxvng\QATracker\Tests\Chart\ChartGeneratorTest" classname="Alxvng.QATracker.Tests.Chart.ChartGeneratorTest" file="/var/www/qa-tracker/tests/Chart/ChartGeneratorTest.php" line="10" assertions="1" time="0.013567"/>
      </testsuite>
      <testsuite name="Alxvng\QATracker\Tests\Chart\ChartTest" file="/var/www/qa-tracker/tests/Chart/ChartTest.php" tests="3" assertions="4" errors="0" warnings="0" failures="0" skipped="0" time="0.006615">
        <testcase name="testConstructException" class="Alxvng\QATracker\Tests\Chart\ChartTest" classname="Alxvng.QATracker.Tests.Chart.ChartTest" file="/var/www/qa-tracker/tests/Chart/ChartTest.php" line="13" assertions="1" time="0.001481"/>
        <testcase name="testConstruct" class="Alxvng\QATracker\Tests\Chart\ChartTest" classname="Alxvng.QATracker.Tests.Chart.ChartTest" file="/var/www/qa-tracker/tests/Chart/ChartTest.php" line="26" assertions="2" time="0.002195"/>
        <testcase name="testGetFirstProvider" class="Alxvng\QATracker\Tests\Chart\ChartTest" classname="Alxvng.QATracker.Tests.Chart.ChartTest" file="/var/www/qa-tracker/tests/Chart/ChartTest.php" line="50" assertions="1" time="0.002938"/>
      </testsuite>
      <testsuite name="Alxvng\QATracker\Tests\Command\TrackCommandTest" file="/var/www/qa-tracker/tests/Command/TrackCommandTest.php" tests="2" assertions="7" errors="0" warnings="0" failures="0" skipped="0" time="0.159422">
        <testcase name="testExecuteNoConfigFile" class="Alxvng\QATracker\Tests\Command\TrackCommandTest" classname="Alxvng.QATracker.Tests.Command.TrackCommandTest" file="/var/www/qa-tracker/tests/Command/TrackCommandTest.php" line="14" assertions="5" time="0.034904"/>
        <testcase name="testExecuteWithConfigFile" class="Alxvng\QATracker\Tests\Command\TrackCommandTest" classname="Alxvng.QATracker.Tests.Command.TrackCommandTest" file="/var/www/qa-tracker/tests/Command/TrackCommandTest.php" line="28" assertions="2" time="0.124518"/>
      </testsuite>
      <testsuite name="Alxvng\QATracker\Tests\Configuration\ConfigurationTest" file="/var/www/qa-tracker/tests/Configuration/ConfigurationTest.php" tests="9" assertions="16" errors="0" warnings="0" failures="0" skipped="0" time="0.104643">
        <testcase name="testExampleConfigPath" class="Alxvng\QATracker\Tests\Configuration\ConfigurationTest" classname="Alxvng.QATracker.Tests.Configuration.ConfigurationTest" file="/var/www/qa-tracker/tests/Configuration/ConfigurationTest.php" line="12" assertions="2" time="0.001220"/>
        <testsuite name="Alxvng\QATracker\Tests\Configuration\ConfigurationTest::testLoadWithException" tests="7" assertions="7" errors="0" warnings="0" failures="0" skipped="0" time="0.026498">
          <testcase name="testLoadWithException with data set #0" class="Alxvng\QATracker\Tests\Configuration\ConfigurationTest" classname="Alxvng.QATracker.Tests.Configuration.ConfigurationTest" file="/var/www/qa-tracker/tests/Configuration/ConfigurationTest.php" line="24" assertions="1" time="0.001469"/>
          <testcase name="testLoadWithException with data set #1" class="Alxvng\QATracker\Tests\Configuration\ConfigurationTest" classname="Alxvng.QATracker.Tests.Configuration.ConfigurationTest" file="/var/www/qa-tracker/tests/Configuration/ConfigurationTest.php" line="24" assertions="1" time="0.001410"/>
          <testcase name="testLoadWithException with data set #2" class="Alxvng\QATracker\Tests\Configuration\ConfigurationTest" classname="Alxvng.QATracker.Tests.Configuration.ConfigurationTest" file="/var/www/qa-tracker/tests/Configuration/ConfigurationTest.php" line="24" assertions="1" time="0.003302"/>
          <testcase name="testLoadWithException with data set #3" class="Alxvng\QATracker\Tests\Configuration\ConfigurationTest" classname="Alxvng.QATracker.Tests.Configuration.ConfigurationTest" file="/var/www/qa-tracker/tests/Configuration/ConfigurationTest.php" line="24" assertions="1" time="0.003159"/>
          <testcase name="testLoadWithException with data set #4" class="Alxvng\QATracker\Tests\Configuration\ConfigurationTest" classname="Alxvng.QATracker.Tests.Configuration.ConfigurationTest" file="/var/www/qa-tracker/tests/Configuration/ConfigurationTest.php" line="24" assertions="1" time="0.003485"/>
          <testcase name="testLoadWithException with data set #5" class="Alxvng\QATracker\Tests\Configuration\ConfigurationTest" classname="Alxvng.QATracker.Tests.Configuration.ConfigurationTest" file="/var/www/qa-tracker/tests/Configuration/ConfigurationTest.php" line="24" assertions="1" time="0.007015"/>
          <testcase name="testLoadWithException with data set #6" class="Alxvng\QATracker\Tests\Configuration\ConfigurationTest" classname="Alxvng.QATracker.Tests.Configuration.ConfigurationTest" file="/var/www/qa-tracker/tests/Configuration/ConfigurationTest.php" line="24" assertions="1" time="0.006659"/>
        </testsuite>
        <testsuite name="Alxvng\QATracker\Tests\Configuration\ConfigurationTest::testLoad" tests="1" assertions="7" errors="0" warnings="0" failures="0" skipped="0" time="0.076925">
          <testcase name="testLoad with data set #0" class="Alxvng\QATracker\Tests\Configuration\ConfigurationTest" classname="Alxvng.QATracker.Tests.Configuration.ConfigurationTest" file="/var/www/qa-tracker/tests/Configuration/ConfigurationTest.php" line="35" assertions="7" time="0.076925"/>
        </testsuite>
      </testsuite>
      <testsuite name="Alxvng\QATracker\Tests\DataProvider\Finder\ProviderFinderTest" file="/var/www/qa-tracker/tests/DataProvider/Finder/ProviderFinderTest.php" tests="2" assertions="2" errors="0" warnings="0" failures="0" skipped="0" time="0.005994">
        <testcase name="testFindById" class="Alxvng\QATracker\Tests\DataProvider\Finder\ProviderFinderTest" classname="Alxvng.QATracker.Tests.DataProvider.Finder.ProviderFinderTest" file="/var/www/qa-tracker/tests/DataProvider/Finder/ProviderFinderTest.php" line="12" assertions="1" time="0.003106"/>
        <testcase name="testFindByIdException" class="Alxvng\QATracker\Tests\DataProvider\Finder\ProviderFinderTest" classname="Alxvng.QATracker.Tests.DataProvider.Finder.ProviderFinderTest" file="/var/www/qa-tracker/tests/DataProvider/Finder/ProviderFinderTest.php" line="25" assertions="1" time="0.002887"/>
      </testsuite>
      <testsuite name="Alxvng\QATracker\Tests\DataProvider\JsonPathAverageProviderTest" file="/var/www/qa-tracker/tests/DataProvider/JsonPathAverageProviderTest.php" tests="1" assertions="2" errors="0" warnings="0" failures="0" skipped="0" time="0.012841">
        <testcase name="testFetchData" class="Alxvng\QATracker\Tests\DataProvider\JsonPathAverageProviderTest" classname="Alxvng.QATracker.Tests.DataProvider.JsonPathAverageProviderTest" file="/var/www/qa-tracker/tests/DataProvider/JsonPathAverageProviderTest.php" line="10" assertions="2" time="0.012841"/>
      </testsuite>
      <testsuite name="Alxvng\QATracker\Tests\DataProvider\JsonPathCountProviderTest" file="/var/www/qa-tracker/tests/DataProvider/JsonPathCountProviderTest.php" tests="1" assertions="2" errors="0" warnings="0" failures="0" skipped="0" time="0.010342">
        <testcase name="testFetchData" class="Alxvng\QATracker\Tests\DataProvider\JsonPathCountProviderTest" classname="Alxvng.QATracker.Tests.DataProvider.JsonPathCountProviderTest" file="/var/www/qa-tracker/tests/DataProvider/JsonPathCountProviderTest.php" line="10" assertions="2" time="0.010342"/>
      </testsuite>
      <testsuite name="Alxvng\QATracker\Tests\DataProvider\JsonPathProviderTest" file="/var/www/qa-tracker/tests/DataProvider/JsonPathProviderTest.php" tests="1" assertions="2" errors="0" warnings="0" failures="0" skipped="0" time="0.008135">
        <testcase name="testFetchData" class="Alxvng\QATracker\Tests\DataProvider\JsonPathProviderTest" classname="Alxvng.QATracker.Tests.DataProvider.JsonPathProviderTest" file="/var/www/qa-tracker/tests/DataProvider/JsonPathProviderTest.php" line="10" assertions="2" time="0.008135"/>
      </testsuite>
      <testsuite name="Alxvng\QATracker\Tests\DataProvider\JsonPathSumProviderTest" file="/var/www/qa-tracker/tests/DataProvider/JsonPathSumProviderTest.php" tests="1" assertions="2" errors="0" warnings="0" failures="0" skipped="0" time="0.008509">
        <testcase name="testFetchData" class="Alxvng\QATracker\Tests\DataProvider\JsonPathSumProviderTest" classname="Alxvng.QATracker.Tests.DataProvider.JsonPathSumProviderTest" file="/var/www/qa-tracker/tests/DataProvider/JsonPathSumProviderTest.php" line="10" assertions="2" time="0.008509"/>
      </testsuite>
      <testsuite name="Alxvng\QATracker\Tests\DataProvider\Model\DataPercentSerieTest" file="/var/www/qa-tracker/tests/DataProvider/Model/DataPercentSerieTest.php" tests="3" assertions="4" errors="0" warnings="0" failures="0" skipped="0" time="0.019961">
        <testcase name="testCollect" class="Alxvng\QATracker\Tests\DataProvider\Model\DataPercentSerieTest" classname="Alxvng.QATracker.Tests.DataProvider.Model.DataPercentSerieTest" file="/var/www/qa-tracker/tests/DataProvider/Model/DataPercentSerieTest.php" line="16" assertions="2" time="0.009050"/>
        <testcase name="testConstructorPercentException" class="Alxvng\QATracker\Tests\DataProvider\Model\DataPercentSerieTest" classname="Alxvng.QATracker.Tests.DataProvider.Model.DataPercentSerieTest" file="/var/www/qa-tracker/tests/DataProvider/Model/DataPercentSerieTest.php" line="35" assertions="1" time="0.005684"/>
        <testcase name="testConstructorItselfException" class="Alxvng\QATracker\Tests\DataProvider\Model\DataPercentSerieTest" classname="Alxvng.QATracker.Tests.DataProvider.Model.DataPercentSerieTest" file="/var/www/qa-tracker/tests/DataProvider/Model/DataPercentSerieTest.php" line="44" assertions="1" time="0.005226"/>
      </testsuite>
      <testsuite name="Alxvng\QATracker\Tests\DataProvider\Model\DataStandardSerieTest" file="/var/www/qa-tracker/tests/DataProvider/Model/DataStandardSerieTest.php" tests="4" assertions="5" errors="0" warnings="0" failures="0" skipped="0" time="0.010051">
        <testsuite name="Alxvng\QATracker\Tests\DataProvider\Model\DataStandardSerieTest::testGetInstance" tests="3" assertions="3" errors="0" warnings="0" failures="0" skipped="0" time="0.006359">
          <testcase name="testGetInstance with data set #0" class="Alxvng\QATracker\Tests\DataProvider\Model\DataStandardSerieTest" classname="Alxvng.QATracker.Tests.DataProvider.Model.DataStandardSerieTest" file="/var/www/qa-tracker/tests/DataProvider/Model/DataStandardSerieTest.php" line="22" assertions="1" time="0.002359"/>
          <testcase name="testGetInstance with data set #1" class="Alxvng\QATracker\Tests\DataProvider\Model\DataStandardSerieTest" classname="Alxvng.QATracker.Tests.DataProvider.Model.DataStandardSerieTest" file="/var/www/qa-tracker/tests/DataProvider/Model/DataStandardSerieTest.php" line="22" assertions="1" time="0.001235"/>
          <testcase name="testGetInstance with data set #2" class="Alxvng\QATracker\Tests\DataProvider\Model\DataStandardSerieTest" classname="Alxvng.QATracker.Tests.DataProvider.Model.DataStandardSerieTest" file="/var/www/qa-tracker/tests/DataProvider/Model/DataStandardSerieTest.php" line="22" assertions="1" time="0.002765"/>
        </testsuite>
        <testcase name="testCollect" class="Alxvng\QATracker\Tests\DataProvider\Model\DataStandardSerieTest" classname="Alxvng.QATracker.Tests.DataProvider.Model.DataStandardSerieTest" file="/var/www/qa-tracker/tests/DataProvider/Model/DataStandardSerieTest.php" line="58" assertions="2" time="0.003692"/>
      </testsuite>
      <testsuite name="Alxvng\QATracker\Tests\DataProvider\XpathAverageProviderTest" file="/var/www/qa-tracker/tests/DataProvider/XpathAverageProviderTest.php" tests="1" assertions="2" errors="0" warnings="0" failures="0" skipped="0" time="0.002437">
        <testcase name="testFetchData" class="Alxvng\QATracker\Tests\DataProvider\XpathAverageProviderTest" classname="Alxvng.QATracker.Tests.DataProvider.XpathAverageProviderTest" file="/var/www/qa-tracker/tests/DataProvider/XpathAverageProviderTest.php" line="10" assertions="2" time="0.002437"/>
      </testsuite>
      <testsuite name="Alxvng\QATracker\Tests\DataProvider\XpathCountProviderTest" file="/var/www/qa-tracker/tests/DataProvider/XpathCountProviderTest.php" tests="1" assertions="2" errors="0" warnings="0" failures="0" skipped="0" time="0.004063">
        <testcase name="testFetchData" class="Alxvng\QATracker\Tests\DataProvider\XpathCountProviderTest" classname="Alxvng.QATracker.Tests.DataProvider.XpathCountProviderTest" file="/var/www/qa-tracker/tests/DataProvider/XpathCountProviderTest.php" line="10" assertions="2" time="0.004063"/>
      </testsuite>
      <testsuite name="Alxvng\QATracker\Tests\DataProvider\XpathProviderTest" file="/var/www/qa-tracker/tests/DataProvider/XpathProviderTest.php" tests="1" assertions="2" errors="0" warnings="0" failures="0" skipped="0" time="0.002481">
        <testcase name="testFetchData" class="Alxvng\QATracker\Tests\DataProvider\XpathProviderTest" classname="Alxvng.QATracker.Tests.DataProvider.XpathProviderTest" file="/var/www/qa-tracker/tests/DataProvider/XpathProviderTest.php" line="10" assertions="2" time="0.002481"/>
      </testsuite>
      <testsuite name="Alxvng\QATracker\Tests\DataProvider\XpathSumProviderTest" file="/var/www/qa-tracker/tests/DataProvider/XpathSumProviderTest.php" tests="1" assertions="2" errors="0" warnings="0" failures="0" skipped="0" time="0.003359">
        <testcase name="testFetchData" class="Alxvng\QATracker\Tests\DataProvider\XpathSumProviderTest" classname="Alxvng.QATracker.Tests.DataProvider.XpathSumProviderTest" file="/var/www/qa-tracker/tests/DataProvider/XpathSumProviderTest.php" line="10" assertions="2" time="0.003359"/>
      </testsuite>
    </testsuite>
  </testsuite>
</testsuites>
